<?xml version="1.0" encoding="UTF-8"?>
<testng-results skipped="0" failed="0" ignored="0" total="2" passed="2">
  <reporter-output>
  </reporter-output>
  <suite name="Surefire suite" duration-ms="3214" started-at="2023-02-28T08:42:03Z" finished-at="2023-02-28T08:42:06Z">
    <groups>
    </groups>
    <test name="Surefire test" duration-ms="3214" started-at="2023-02-28T08:42:03Z" finished-at="2023-02-28T08:42:06Z">
      <class name="com.test.CityTest">
        <test-method status="PASS" signature="case_bj()[pri:0, instance:com.test.CityTest@5524b72f]" name="case_bj" duration-ms="2450" started-at="2023-02-28T08:42:03Z" description="北京天气查询" finished-at="2023-02-28T08:42:05Z">
          <reporter-output>
          </reporter-output>
        </test-method> <!-- case_bj -->
        <test-method status="PASS" signature="case_hz()[pri:0, instance:com.test.CityTest@5524b72f]" name="case_hz" duration-ms="519" started-at="2023-02-28T08:42:05Z" description="杭州天气查询" finished-at="2023-02-28T08:42:06Z">
          <reporter-output>
          </reporter-output>
        </test-method> <!-- case_hz -->
      </class> <!-- com.test.CityTest -->
    </test> <!-- Surefire test -->
  </suite> <!-- Surefire suite -->
</testng-results>
